<?xml version="1.0" encoding="UTF-8"?>
<!-- Generated by org.testng.reporters.JUnitReportReporter -->
<testsuite hostname="DESKTOP-NADJ2U6" failures="0" tests="2" name="com.qa.flipkart.Base" time="16.852" errors="0" timestamp="23 Apr 2018 17:26:49 GMT" skipped="0">
  <testcase classname="com.qa.flipkart.Base" name="launchUrl" time="13.136"/>
  <testcase classname="com.qa.flipkart.Base" name="Login" time="3.716"/>
</testsuite> <!-- com.qa.flipkart.Base -->
